  PROYECTO FINAL PROGRA 1.cpp
C:\Users\andre\Desktop\UMG\Programacion 1\PROYECTO FINAL PROGRA 1\PROYECTO FINAL PROGRA 1\Proveedor.h(29,7): warning C4101: 'q_estado': variable local sin referencia
C:\Users\andre\Desktop\UMG\Programacion 1\PROYECTO FINAL PROGRA 1\PROYECTO FINAL PROGRA 1\Proveedor.h(59,7): warning C4101: 'q_estado': variable local sin referencia
C:\Users\andre\Desktop\UMG\Programacion 1\PROYECTO FINAL PROGRA 1\PROYECTO FINAL PROGRA 1\Proveedor.h(66,7): warning C4101: 'q_estado': variable local sin referencia
C:\Users\andre\Desktop\UMG\Programacion 1\PROYECTO FINAL PROGRA 1\PROYECTO FINAL PROGRA 1\Proveedor.h(73,7): warning C4101: 'q_estado': variable local sin referencia
C:\Users\andre\Desktop\UMG\Programacion 1\PROYECTO FINAL PROGRA 1\PROYECTO FINAL PROGRA 1\Compra_Detalle.h(31,7): warning C4101: 'q_estado': variable local sin referencia
C:\Users\andre\Desktop\UMG\Programacion 1\PROYECTO FINAL PROGRA 1\PROYECTO FINAL PROGRA 1\Compra_Detalle.h(62,7): warning C4101: 'q_estado': variable local sin referencia
C:\Users\andre\Desktop\UMG\Programacion 1\PROYECTO FINAL PROGRA 1\PROYECTO FINAL PROGRA 1\Compra_Detalle.h(69,7): warning C4101: 'q_estado': variable local sin referencia
C:\Users\andre\Desktop\UMG\Programacion 1\PROYECTO FINAL PROGRA 1\PROYECTO FINAL PROGRA 1\Compra_Detalle.h(76,7): warning C4101: 'q_estado': variable local sin referencia
C:\Users\andre\Desktop\UMG\Programacion 1\PROYECTO FINAL PROGRA 1\PROYECTO FINAL PROGRA 1\Compra.h(30,7): warning C4101: 'q_estado': variable local sin referencia
C:\Users\andre\Desktop\UMG\Programacion 1\PROYECTO FINAL PROGRA 1\PROYECTO FINAL PROGRA 1\Compra.h(62,7): warning C4101: 'q_estado': variable local sin referencia
C:\Users\andre\Desktop\UMG\Programacion 1\PROYECTO FINAL PROGRA 1\PROYECTO FINAL PROGRA 1\Compra.h(69,7): warning C4101: 'q_estado': variable local sin referencia
C:\Users\andre\Desktop\UMG\Programacion 1\PROYECTO FINAL PROGRA 1\PROYECTO FINAL PROGRA 1\Compra.h(76,7): warning C4101: 'q_estado': variable local sin referencia
C:\Users\andre\Desktop\UMG\Programacion 1\PROYECTO FINAL PROGRA 1\PROYECTO FINAL PROGRA 1\PROYECTO FINAL PROGRA 1.cpp(933,47): warning C4244: '=': conversión de 'int' a 'float'; posible pérdida de datos
C:\Users\andre\Desktop\UMG\Programacion 1\PROYECTO FINAL PROGRA 1\PROYECTO FINAL PROGRA 1\PROYECTO FINAL PROGRA 1.cpp(1165,50): warning C4244: '=': conversión de 'int' a 'float'; posible pérdida de datos
C:\Users\andre\Desktop\UMG\Programacion 1\PROYECTO FINAL PROGRA 1\PROYECTO FINAL PROGRA 1\PROYECTO FINAL PROGRA 1.cpp(1195,46): warning C4244: '=': conversión de 'int' a 'float'; posible pérdida de datos
C:\Users\andre\Desktop\UMG\Programacion 1\PROYECTO FINAL PROGRA 1\PROYECTO FINAL PROGRA 1\PROYECTO FINAL PROGRA 1.cpp(1138,25): warning C4101: 'r': variable local sin referencia
C:\Users\andre\Desktop\UMG\Programacion 1\PROYECTO FINAL PROGRA 1\PROYECTO FINAL PROGRA 1\PROYECTO FINAL PROGRA 1.cpp(1387,9): warning C4101: 'idm': variable local sin referencia
  Venta.cpp
  Generando código
  5 of 337 functions ( 1.5%) were compiled, the rest were copied from previous compilation.
    0 functions were new in current compilation
    1 functions had inline decision re-evaluated but remain unchanged
  Generación de código finalizada
  PROYECTO FINAL PROGRA 1.vcxproj -> C:\Users\andre\Desktop\UMG\Programacion 1\PROYECTO FINAL PROGRA 1\x64\Release\PROYECTO FINAL PROGRA 1.exe
